<?xml version="1.0" encoding="UTF-8" ?>
<testsuite failures="0" time="0" errors="1" skipped="0" tests="1" name="com.bmsils.gcn.BaseTestCase">
  <properties>
    <property name="jboss.i18n.generate-proxies" value="true"/>
    <property name="java.runtime.name" value="Java(TM) SE Runtime Environment"/>
    <property name="sun.boot.library.path" value="c:\program files (x86)\jetbrains\intellij idea 10.0.2\jre\jre\bin"/>
    <property name="java.vm.version" value="17.0-b16"/>
    <property name="java.vm.vendor" value="Sun Microsystems Inc."/>
    <property name="java.vendor.url" value="http://java.sun.com/"/>
    <property name="path.separator" value=";"/>
    <property name="java.vm.name" value="Java HotSpot(TM) Client VM"/>
    <property name="file.encoding.pkg" value="sun.io"/>
    <property name="user.country" value="US"/>
    <property name="sun.java.launcher" value="SUN_STANDARD"/>
    <property name="sun.os.patch.level" value="Service Pack 1"/>
    <property name="java.vm.specification.name" value="Java Virtual Machine Specification"/>
    <property name="user.dir" value="E:\Desktop\GCN\GCN\GCN_REST_API\gcn"/>
    <property name="java.runtime.version" value="1.6.0_21-b06"/>
    <property name="java.awt.graphicsenv" value="sun.awt.Win32GraphicsEnvironment"/>
    <property name="basedir" value="E:\Desktop\GCN\GCN\GCN_REST_API\gcn"/>
    <property name="java.endorsed.dirs" value="c:\program files (x86)\jetbrains\intellij idea 10.0.2\jre\jre\lib\endorsed"/>
    <property name="os.arch" value="x86"/>
    <property name="surefire.real.class.path" value="C:\DOCUME~1\RAJASH~1\LOCALS~1\Temp\surefirebooter3394440076403585464.jar"/>
    <property name="java.io.tmpdir" value="C:\DOCUME~1\RAJASH~1\LOCALS~1\Temp\"/>
    <property name="line.separator" value="
"/>
    <property name="java.vm.specification.vendor" value="Sun Microsystems Inc."/>
    <property name="user.variant" value=""/>
    <property name="os.name" value="Windows XP"/>
    <property name="sun.jnu.encoding" value="Cp1252"/>
    <property name="java.library.path" value="c:\program files (x86)\jetbrains\intellij idea 10.0.2\jre\jre\bin;.;C:\WINDOWS\Sun\Java\bin;C:\WINDOWS\system32;C:\WINDOWS;C:\Program Files (x86)\JetBrains\IntelliJ IDEA 10.0.2\bin\..\.\bin;C:\WINDOWS\system32;C:\WINDOWS;C:\WINDOWS\System32\Wbem;C:\Program Files\TortoiseSVN\bin;C:\Program Files (x86)\MySQL\MySQL Server 5.5\bin;C:\Program Files (x86)\Git\cmd;C:\Program Files\Java\jdk1.6.0_24\bin;C:\apache-maven-2.1.0\bin;c:\program files (x86)\jetbrains\intellij idea 10.0.2\jre\jre\bin"/>
    <property name="surefire.test.class.path" value="E:\Desktop\GCN\GCN\GCN_REST_API\gcn\target\test-classes;E:\Desktop\GCN\GCN\GCN_REST_API\gcn\target\classes;C:\Documents and Settings\Rajashree\.m2\repository\log4j\log4j\1.2.16\log4j-1.2.16.jar;C:\Documents and Settings\Rajashree\.m2\repository\org\slf4j\slf4j-api\1.6.1\slf4j-api-1.6.1.jar;C:\Documents and Settings\Rajashree\.m2\repository\org\slf4j\slf4j-log4j12\1.6.1\slf4j-log4j12-1.6.1.jar;C:\Documents and Settings\Rajashree\.m2\repository\org\aspectj\aspectjrt\1.6.12\aspectjrt-1.6.12.jar;C:\Documents and Settings\Rajashree\.m2\repository\org\aspectj\aspectjweaver\1.6.12\aspectjweaver-1.6.12.jar;C:\Documents and Settings\Rajashree\.m2\repository\commons-digester\commons-digester\2.0\commons-digester-2.0.jar;C:\Documents and Settings\Rajashree\.m2\repository\commons-beanutils\commons-beanutils\1.8.0\commons-beanutils-1.8.0.jar;C:\Documents and Settings\Rajashree\.m2\repository\commons-logging\commons-logging\1.1.1\commons-logging-1.1.1.jar;C:\Documents and Settings\Rajashree\.m2\repository\commons-fileupload\commons-fileupload\1.2.1\commons-fileupload-1.2.1.jar;C:\Documents and Settings\Rajashree\.m2\repository\commons-io\commons-io\2.0.1\commons-io-2.0.1.jar;C:\Documents and Settings\Rajashree\.m2\repository\org\apache\commons\commons-compress\1.3\commons-compress-1.3.jar;C:\Documents and Settings\Rajashree\.m2\repository\com\thoughtworks\xstream\xstream\1.4.2\xstream-1.4.2.jar;C:\Documents and Settings\Rajashree\.m2\repository\xmlpull\xmlpull\1.1.3.1\xmlpull-1.1.3.1.jar;C:\Documents and Settings\Rajashree\.m2\repository\xpp3\xpp3_min\1.1.4c\xpp3_min-1.1.4c.jar;C:\Documents and Settings\Rajashree\.m2\repository\org\apache\httpcomponents\httpclient\4.1.3\httpclient-4.1.3.jar;C:\Documents and Settings\Rajashree\.m2\repository\org\apache\httpcomponents\httpcore\4.1.4\httpcore-4.1.4.jar;C:\Documents and Settings\Rajashree\.m2\repository\commons-codec\commons-codec\1.4\commons-codec-1.4.jar;C:\Documents and Settings\Rajashree\.m2\repository\org\apache\httpcomponents\httpmime\4.1.3\httpmime-4.1.3.jar;C:\Documents and Settings\Rajashree\.m2\repository\org\apache\httpcomponents\httpclient-cache\4.1.3\httpclient-cache-4.1.3.jar;C:\Documents and Settings\Rajashree\.m2\repository\mysql\mysql-connector-java\5.1.18\mysql-connector-java-5.1.18.jar;C:\Documents and Settings\Rajashree\.m2\repository\c3p0\c3p0\0.9.1.2\c3p0-0.9.1.2.jar;C:\Documents and Settings\Rajashree\.m2\repository\org\hibernate\hibernate-core\4.1.0.Final\hibernate-core-4.1.0.Final.jar;C:\Documents and Settings\Rajashree\.m2\repository\commons-collections\commons-collections\3.2.1\commons-collections-3.2.1.jar;C:\Documents and Settings\Rajashree\.m2\repository\antlr\antlr\2.7.7\antlr-2.7.7.jar;C:\Documents and Settings\Rajashree\.m2\repository\org\jboss\spec\javax\transaction\jboss-transaction-api_1.1_spec\1.0.0.Final\jboss-transaction-api_1.1_spec-1.0.0.Final.jar;C:\Documents and Settings\Rajashree\.m2\repository\dom4j\dom4j\1.6.1\dom4j-1.6.1.jar;C:\Documents and Settings\Rajashree\.m2\repository\xml-apis\xml-apis\1.0.b2\xml-apis-1.0.b2.jar;C:\Documents and Settings\Rajashree\.m2\repository\org\hibernate\javax\persistence\hibernate-jpa-2.0-api\1.0.1.Final\hibernate-jpa-2.0-api-1.0.1.Final.jar;C:\Documents and Settings\Rajashree\.m2\repository\org\jboss\logging\jboss-logging\3.1.0.CR2\jboss-logging-3.1.0.CR2.jar;C:\Documents and Settings\Rajashree\.m2\repository\org\javassist\javassist\3.15.0-GA\javassist-3.15.0-GA.jar;C:\Documents and Settings\Rajashree\.m2\repository\org\hibernate\common\hibernate-commons-annotations\4.0.1.Final\hibernate-commons-annotations-4.0.1.Final.jar;C:\Documents and Settings\Rajashree\.m2\repository\org\hibernate\hibernate-c3p0\4.1.0.Final\hibernate-c3p0-4.1.0.Final.jar;C:\Documents and Settings\Rajashree\.m2\repository\org\hibernate\hibernate-ehcache\4.1.0.Final\hibernate-ehcache-4.1.0.Final.jar;C:\Documents and Settings\Rajashree\.m2\repository\net\sf\ehcache\ehcache-core\2.4.3\ehcache-core-2.4.3.jar;C:\Documents and Settings\Rajashree\.m2\repository\org\springframework\spring-core\3.1.1.RELEASE\spring-core-3.1.1.RELEASE.jar;C:\Documents and Settings\Rajashree\.m2\repository\org\springframework\spring-asm\3.1.1.RELEASE\spring-asm-3.1.1.RELEASE.jar;C:\Documents and Settings\Rajashree\.m2\repository\org\springframework\spring-context\3.1.1.RELEASE\spring-context-3.1.1.RELEASE.jar;C:\Documents and Settings\Rajashree\.m2\repository\org\springframework\spring-aop\3.1.1.RELEASE\spring-aop-3.1.1.RELEASE.jar;C:\Documents and Settings\Rajashree\.m2\repository\aopalliance\aopalliance\1.0\aopalliance-1.0.jar;C:\Documents and Settings\Rajashree\.m2\repository\org\springframework\spring-beans\3.1.1.RELEASE\spring-beans-3.1.1.RELEASE.jar;C:\Documents and Settings\Rajashree\.m2\repository\org\springframework\spring-expression\3.1.1.RELEASE\spring-expression-3.1.1.RELEASE.jar;C:\Documents and Settings\Rajashree\.m2\repository\org\springframework\spring-aspects\3.1.1.RELEASE\spring-aspects-3.1.1.RELEASE.jar;C:\Documents and Settings\Rajashree\.m2\repository\org\springframework\spring-context-support\3.1.1.RELEASE\spring-context-support-3.1.1.RELEASE.jar;C:\Documents and Settings\Rajashree\.m2\repository\org\springframework\spring-tx\3.1.1.RELEASE\spring-tx-3.1.1.RELEASE.jar;C:\Documents and Settings\Rajashree\.m2\repository\org\springframework\spring-web\3.1.1.RELEASE\spring-web-3.1.1.RELEASE.jar;C:\Documents and Settings\Rajashree\.m2\repository\org\springframework\spring-orm\3.1.1.RELEASE\spring-orm-3.1.1.RELEASE.jar;C:\Documents and Settings\Rajashree\.m2\repository\org\springframework\spring-jdbc\3.1.1.RELEASE\spring-jdbc-3.1.1.RELEASE.jar;C:\Documents and Settings\Rajashree\.m2\repository\org\springframework\spring-webmvc\3.1.1.RELEASE\spring-webmvc-3.1.1.RELEASE.jar;C:\Documents and Settings\Rajashree\.m2\repository\opensymphony\quartz-all\1.6.1\quartz-all-1.6.1.jar;C:\Documents and Settings\Rajashree\.m2\repository\javax\servlet\jstl\1.2\jstl-1.2.jar;C:\Documents and Settings\Rajashree\.m2\repository\javax\el\el-api\1.0\el-api-1.0.jar;C:\Documents and Settings\Rajashree\.m2\repository\javax\servlet\jsp\jsp-api\2.1\jsp-api-2.1.jar;C:\Documents and Settings\Rajashree\.m2\repository\net\sf\json-lib\json-lib\2.4\json-lib-2.4-jdk15.jar;C:\Documents and Settings\Rajashree\.m2\repository\commons-lang\commons-lang\2.5\commons-lang-2.5.jar;C:\Documents and Settings\Rajashree\.m2\repository\net\sf\ezmorph\ezmorph\1.0.6\ezmorph-1.0.6.jar;C:\Documents and Settings\Rajashree\.m2\repository\net\sf\json-lib\json-lib-ext-spring\1.0.2\json-lib-ext-spring-1.0.2.jar;C:\Documents and Settings\Rajashree\.m2\repository\javax\servlet\servlet-api\2.4\servlet-api-2.4.jar;C:\Documents and Settings\Rajashree\.m2\repository\org\codehaus\jackson\jackson-mapper-asl\1.7.1\jackson-mapper-asl-1.7.1.jar;C:\Documents and Settings\Rajashree\.m2\repository\org\codehaus\jackson\jackson-core-asl\1.7.1\jackson-core-asl-1.7.1.jar;C:\Documents and Settings\Rajashree\.m2\repository\com\notnoop\apns\apns\0.1.6\apns-0.1.6.jar;C:\Documents and Settings\Rajashree\.m2\repository\javax\mail\mail\1.4\mail-1.4.jar;C:\Documents and Settings\Rajashree\.m2\repository\javax\activation\activation\1.1\activation-1.1.jar;C:\Documents and Settings\Rajashree\.m2\repository\junit\junit\4.8.1\junit-4.8.1.jar;C:\Documents and Settings\Rajashree\.m2\repository\org\springframework\spring-test\3.0.0.RELEASE\spring-test-3.0.0.RELEASE.jar;C:\Documents and Settings\Rajashree\.m2\repository\org\springframework\security\spring-security-core\3.1.0.RELEASE\spring-security-core-3.1.0.RELEASE.jar;C:\Documents and Settings\Rajashree\.m2\repository\org\springframework\security\spring-security-crypto\3.1.0.RELEASE\spring-security-crypto-3.1.0.RELEASE.jar;C:\Documents and Settings\Rajashree\.m2\repository\org\springframework\security\spring-security-config\3.1.0.RELEASE\spring-security-config-3.1.0.RELEASE.jar;C:\Documents and Settings\Rajashree\.m2\repository\org\springframework\security\spring-security-taglibs\3.1.0.RELEASE\spring-security-taglibs-3.1.0.RELEASE.jar;C:\Documents and Settings\Rajashree\.m2\repository\org\springframework\security\spring-security-web\3.1.0.RELEASE\spring-security-web-3.1.0.RELEASE.jar;C:\Documents and Settings\Rajashree\.m2\repository\org\springframework\security\spring-security-acl\3.1.0.RELEASE\spring-security-acl-3.1.0.RELEASE.jar;C:\Documents and Settings\Rajashree\.m2\repository\javax\annotation\jsr250-api\1.0\jsr250-api-1.0.jar;"/>
    <property name="java.specification.name" value="Java Platform API Specification"/>
    <property name="java.class.version" value="50.0"/>
    <property name="sun.management.compiler" value="HotSpot Client Compiler"/>
    <property name="os.version" value="5.2"/>
    <property name="user.home" value="C:\Documents and Settings\Rajashree"/>
    <property name="user.timezone" value="GMT+05:30"/>
    <property name="java.awt.printerjob" value="sun.awt.windows.WPrinterJob"/>
    <property name="java.specification.version" value="1.6"/>
    <property name="file.encoding" value="Cp1252"/>
    <property name="user.name" value="Rajashree"/>
    <property name="java.class.path" value="E:\Desktop\GCN\GCN\GCN_REST_API\gcn\target\test-classes;E:\Desktop\GCN\GCN\GCN_REST_API\gcn\target\classes;C:\Documents and Settings\Rajashree\.m2\repository\log4j\log4j\1.2.16\log4j-1.2.16.jar;C:\Documents and Settings\Rajashree\.m2\repository\org\slf4j\slf4j-api\1.6.1\slf4j-api-1.6.1.jar;C:\Documents and Settings\Rajashree\.m2\repository\org\slf4j\slf4j-log4j12\1.6.1\slf4j-log4j12-1.6.1.jar;C:\Documents and Settings\Rajashree\.m2\repository\org\aspectj\aspectjrt\1.6.12\aspectjrt-1.6.12.jar;C:\Documents and Settings\Rajashree\.m2\repository\org\aspectj\aspectjweaver\1.6.12\aspectjweaver-1.6.12.jar;C:\Documents and Settings\Rajashree\.m2\repository\commons-digester\commons-digester\2.0\commons-digester-2.0.jar;C:\Documents and Settings\Rajashree\.m2\repository\commons-beanutils\commons-beanutils\1.8.0\commons-beanutils-1.8.0.jar;C:\Documents and Settings\Rajashree\.m2\repository\commons-logging\commons-logging\1.1.1\commons-logging-1.1.1.jar;C:\Documents and Settings\Rajashree\.m2\repository\commons-fileupload\commons-fileupload\1.2.1\commons-fileupload-1.2.1.jar;C:\Documents and Settings\Rajashree\.m2\repository\commons-io\commons-io\2.0.1\commons-io-2.0.1.jar;C:\Documents and Settings\Rajashree\.m2\repository\org\apache\commons\commons-compress\1.3\commons-compress-1.3.jar;C:\Documents and Settings\Rajashree\.m2\repository\com\thoughtworks\xstream\xstream\1.4.2\xstream-1.4.2.jar;C:\Documents and Settings\Rajashree\.m2\repository\xmlpull\xmlpull\1.1.3.1\xmlpull-1.1.3.1.jar;C:\Documents and Settings\Rajashree\.m2\repository\xpp3\xpp3_min\1.1.4c\xpp3_min-1.1.4c.jar;C:\Documents and Settings\Rajashree\.m2\repository\org\apache\httpcomponents\httpclient\4.1.3\httpclient-4.1.3.jar;C:\Documents and Settings\Rajashree\.m2\repository\org\apache\httpcomponents\httpcore\4.1.4\httpcore-4.1.4.jar;C:\Documents and Settings\Rajashree\.m2\repository\commons-codec\commons-codec\1.4\commons-codec-1.4.jar;C:\Documents and Settings\Rajashree\.m2\repository\org\apache\httpcomponents\httpmime\4.1.3\httpmime-4.1.3.jar;C:\Documents and Settings\Rajashree\.m2\repository\org\apache\httpcomponents\httpclient-cache\4.1.3\httpclient-cache-4.1.3.jar;C:\Documents and Settings\Rajashree\.m2\repository\mysql\mysql-connector-java\5.1.18\mysql-connector-java-5.1.18.jar;C:\Documents and Settings\Rajashree\.m2\repository\c3p0\c3p0\0.9.1.2\c3p0-0.9.1.2.jar;C:\Documents and Settings\Rajashree\.m2\repository\org\hibernate\hibernate-core\4.1.0.Final\hibernate-core-4.1.0.Final.jar;C:\Documents and Settings\Rajashree\.m2\repository\commons-collections\commons-collections\3.2.1\commons-collections-3.2.1.jar;C:\Documents and Settings\Rajashree\.m2\repository\antlr\antlr\2.7.7\antlr-2.7.7.jar;C:\Documents and Settings\Rajashree\.m2\repository\org\jboss\spec\javax\transaction\jboss-transaction-api_1.1_spec\1.0.0.Final\jboss-transaction-api_1.1_spec-1.0.0.Final.jar;C:\Documents and Settings\Rajashree\.m2\repository\dom4j\dom4j\1.6.1\dom4j-1.6.1.jar;C:\Documents and Settings\Rajashree\.m2\repository\xml-apis\xml-apis\1.0.b2\xml-apis-1.0.b2.jar;C:\Documents and Settings\Rajashree\.m2\repository\org\hibernate\javax\persistence\hibernate-jpa-2.0-api\1.0.1.Final\hibernate-jpa-2.0-api-1.0.1.Final.jar;C:\Documents and Settings\Rajashree\.m2\repository\org\jboss\logging\jboss-logging\3.1.0.CR2\jboss-logging-3.1.0.CR2.jar;C:\Documents and Settings\Rajashree\.m2\repository\org\javassist\javassist\3.15.0-GA\javassist-3.15.0-GA.jar;C:\Documents and Settings\Rajashree\.m2\repository\org\hibernate\common\hibernate-commons-annotations\4.0.1.Final\hibernate-commons-annotations-4.0.1.Final.jar;C:\Documents and Settings\Rajashree\.m2\repository\org\hibernate\hibernate-c3p0\4.1.0.Final\hibernate-c3p0-4.1.0.Final.jar;C:\Documents and Settings\Rajashree\.m2\repository\org\hibernate\hibernate-ehcache\4.1.0.Final\hibernate-ehcache-4.1.0.Final.jar;C:\Documents and Settings\Rajashree\.m2\repository\net\sf\ehcache\ehcache-core\2.4.3\ehcache-core-2.4.3.jar;C:\Documents and Settings\Rajashree\.m2\repository\org\springframework\spring-core\3.1.1.RELEASE\spring-core-3.1.1.RELEASE.jar;C:\Documents and Settings\Rajashree\.m2\repository\org\springframework\spring-asm\3.1.1.RELEASE\spring-asm-3.1.1.RELEASE.jar;C:\Documents and Settings\Rajashree\.m2\repository\org\springframework\spring-context\3.1.1.RELEASE\spring-context-3.1.1.RELEASE.jar;C:\Documents and Settings\Rajashree\.m2\repository\org\springframework\spring-aop\3.1.1.RELEASE\spring-aop-3.1.1.RELEASE.jar;C:\Documents and Settings\Rajashree\.m2\repository\aopalliance\aopalliance\1.0\aopalliance-1.0.jar;C:\Documents and Settings\Rajashree\.m2\repository\org\springframework\spring-beans\3.1.1.RELEASE\spring-beans-3.1.1.RELEASE.jar;C:\Documents and Settings\Rajashree\.m2\repository\org\springframework\spring-expression\3.1.1.RELEASE\spring-expression-3.1.1.RELEASE.jar;C:\Documents and Settings\Rajashree\.m2\repository\org\springframework\spring-aspects\3.1.1.RELEASE\spring-aspects-3.1.1.RELEASE.jar;C:\Documents and Settings\Rajashree\.m2\repository\org\springframework\spring-context-support\3.1.1.RELEASE\spring-context-support-3.1.1.RELEASE.jar;C:\Documents and Settings\Rajashree\.m2\repository\org\springframework\spring-tx\3.1.1.RELEASE\spring-tx-3.1.1.RELEASE.jar;C:\Documents and Settings\Rajashree\.m2\repository\org\springframework\spring-web\3.1.1.RELEASE\spring-web-3.1.1.RELEASE.jar;C:\Documents and Settings\Rajashree\.m2\repository\org\springframework\spring-orm\3.1.1.RELEASE\spring-orm-3.1.1.RELEASE.jar;C:\Documents and Settings\Rajashree\.m2\repository\org\springframework\spring-jdbc\3.1.1.RELEASE\spring-jdbc-3.1.1.RELEASE.jar;C:\Documents and Settings\Rajashree\.m2\repository\org\springframework\spring-webmvc\3.1.1.RELEASE\spring-webmvc-3.1.1.RELEASE.jar;C:\Documents and Settings\Rajashree\.m2\repository\opensymphony\quartz-all\1.6.1\quartz-all-1.6.1.jar;C:\Documents and Settings\Rajashree\.m2\repository\javax\servlet\jstl\1.2\jstl-1.2.jar;C:\Documents and Settings\Rajashree\.m2\repository\javax\el\el-api\1.0\el-api-1.0.jar;C:\Documents and Settings\Rajashree\.m2\repository\javax\servlet\jsp\jsp-api\2.1\jsp-api-2.1.jar;C:\Documents and Settings\Rajashree\.m2\repository\net\sf\json-lib\json-lib\2.4\json-lib-2.4-jdk15.jar;C:\Documents and Settings\Rajashree\.m2\repository\commons-lang\commons-lang\2.5\commons-lang-2.5.jar;C:\Documents and Settings\Rajashree\.m2\repository\net\sf\ezmorph\ezmorph\1.0.6\ezmorph-1.0.6.jar;C:\Documents and Settings\Rajashree\.m2\repository\net\sf\json-lib\json-lib-ext-spring\1.0.2\json-lib-ext-spring-1.0.2.jar;C:\Documents and Settings\Rajashree\.m2\repository\javax\servlet\servlet-api\2.4\servlet-api-2.4.jar;C:\Documents and Settings\Rajashree\.m2\repository\org\codehaus\jackson\jackson-mapper-asl\1.7.1\jackson-mapper-asl-1.7.1.jar;C:\Documents and Settings\Rajashree\.m2\repository\org\codehaus\jackson\jackson-core-asl\1.7.1\jackson-core-asl-1.7.1.jar;C:\Documents and Settings\Rajashree\.m2\repository\com\notnoop\apns\apns\0.1.6\apns-0.1.6.jar;C:\Documents and Settings\Rajashree\.m2\repository\javax\mail\mail\1.4\mail-1.4.jar;C:\Documents and Settings\Rajashree\.m2\repository\javax\activation\activation\1.1\activation-1.1.jar;C:\Documents and Settings\Rajashree\.m2\repository\junit\junit\4.8.1\junit-4.8.1.jar;C:\Documents and Settings\Rajashree\.m2\repository\org\springframework\spring-test\3.0.0.RELEASE\spring-test-3.0.0.RELEASE.jar;C:\Documents and Settings\Rajashree\.m2\repository\org\springframework\security\spring-security-core\3.1.0.RELEASE\spring-security-core-3.1.0.RELEASE.jar;C:\Documents and Settings\Rajashree\.m2\repository\org\springframework\security\spring-security-crypto\3.1.0.RELEASE\spring-security-crypto-3.1.0.RELEASE.jar;C:\Documents and Settings\Rajashree\.m2\repository\org\springframework\security\spring-security-config\3.1.0.RELEASE\spring-security-config-3.1.0.RELEASE.jar;C:\Documents and Settings\Rajashree\.m2\repository\org\springframework\security\spring-security-taglibs\3.1.0.RELEASE\spring-security-taglibs-3.1.0.RELEASE.jar;C:\Documents and Settings\Rajashree\.m2\repository\org\springframework\security\spring-security-web\3.1.0.RELEASE\spring-security-web-3.1.0.RELEASE.jar;C:\Documents and Settings\Rajashree\.m2\repository\org\springframework\security\spring-security-acl\3.1.0.RELEASE\spring-security-acl-3.1.0.RELEASE.jar;C:\Documents and Settings\Rajashree\.m2\repository\javax\annotation\jsr250-api\1.0\jsr250-api-1.0.jar;"/>
    <property name="java.vm.specification.version" value="1.0"/>
    <property name="sun.arch.data.model" value="32"/>
    <property name="java.home" value="c:\program files (x86)\jetbrains\intellij idea 10.0.2\jre\jre"/>
    <property name="java.specification.vendor" value="Sun Microsystems Inc."/>
    <property name="user.language" value="en"/>
    <property name="awt.toolkit" value="sun.awt.windows.WToolkit"/>
    <property name="java.vm.info" value="mixed mode, sharing"/>
    <property name="java.version" value="1.6.0_21"/>
    <property name="java.ext.dirs" value="c:\program files (x86)\jetbrains\intellij idea 10.0.2\jre\jre\lib\ext;C:\WINDOWS\Sun\Java\lib\ext"/>
    <property name="sun.boot.class.path" value="c:\program files (x86)\jetbrains\intellij idea 10.0.2\jre\jre\lib\resources.jar;c:\program files (x86)\jetbrains\intellij idea 10.0.2\jre\jre\lib\rt.jar;c:\program files (x86)\jetbrains\intellij idea 10.0.2\jre\jre\lib\sunrsasign.jar;c:\program files (x86)\jetbrains\intellij idea 10.0.2\jre\jre\lib\jsse.jar;c:\program files (x86)\jetbrains\intellij idea 10.0.2\jre\jre\lib\jce.jar;c:\program files (x86)\jetbrains\intellij idea 10.0.2\jre\jre\lib\charsets.jar;c:\program files (x86)\jetbrains\intellij idea 10.0.2\jre\jre\classes"/>
    <property name="java.vendor" value="Sun Microsystems Inc."/>
    <property name="localRepository" value="C:\Documents and Settings\Rajashree\.m2\repository"/>
    <property name="file.separator" value="\"/>
    <property name="java.vendor.url.bug" value="http://java.sun.com/cgi-bin/bugreport.cgi"/>
    <property name="sun.cpu.endian" value="little"/>
    <property name="sun.io.unicode.encoding" value="UnicodeLittle"/>
    <property name="sun.desktop" value="windows"/>
    <property name="sun.cpu.isalist" value="pentium_pro+mmx pentium_pro pentium+mmx pentium i486 i386 i86"/>
  </properties>
  <testcase time="0" classname="com.bmsils.gcn.BaseTestCase" name="initializationError">
    <error message="No runnable methods" type="java.lang.Exception">java.lang.Exception: No runnable methods
	at org.junit.runners.BlockJUnit4ClassRunner.validateInstanceMethods(BlockJUnit4ClassRunner.java:171)
	at org.junit.runners.BlockJUnit4ClassRunner.collectInitializationErrors(BlockJUnit4ClassRunner.java:115)
	at org.junit.runners.ParentRunner.validate(ParentRunner.java:269)
	at org.junit.runners.ParentRunner.&lt;init&gt;(ParentRunner.java:66)
	at org.junit.runners.BlockJUnit4ClassRunner.&lt;init&gt;(BlockJUnit4ClassRunner.java:59)
	at org.junit.internal.builders.JUnit4Builder.runnerForClass(JUnit4Builder.java:13)
	at org.junit.runners.model.RunnerBuilder.safeRunnerForClass(RunnerBuilder.java:57)
	at org.junit.internal.builders.AllDefaultPossibilitiesBuilder.runnerForClass(AllDefaultPossibilitiesBuilder.java:29)
	at org.junit.runners.model.RunnerBuilder.safeRunnerForClass(RunnerBuilder.java:57)
	at org.junit.internal.requests.ClassRequest.getRunner(ClassRequest.java:24)
	at org.apache.maven.surefire.junit4.JUnit4TestSet.&lt;init&gt;(JUnit4TestSet.java:45)
	at org.apache.maven.surefire.junit4.JUnit4DirectoryTestSuite.createTestSet(JUnit4DirectoryTestSuite.java:56)
	at org.apache.maven.surefire.suite.AbstractDirectoryTestSuite.locateTestSets(AbstractDirectoryTestSuite.java:96)
	at org.apache.maven.surefire.Surefire.createSuiteFromDefinition(Surefire.java:209)
	at org.apache.maven.surefire.Surefire.run(Surefire.java:156)
	at sun.reflect.NativeMethodAccessorImpl.invoke0(Native Method)
	at sun.reflect.NativeMethodAccessorImpl.invoke(NativeMethodAccessorImpl.java:39)
	at sun.reflect.DelegatingMethodAccessorImpl.invoke(DelegatingMethodAccessorImpl.java:25)
	at java.lang.reflect.Method.invoke(Method.java:597)
	at org.apache.maven.surefire.booter.SurefireBooter.runSuitesInProcess(SurefireBooter.java:345)
	at org.apache.maven.surefire.booter.SurefireBooter.main(SurefireBooter.java:1009)
</error>
  </testcase>
</testsuite>